<?xml version="1.0" encoding="UTF-8"?>
<!-- Generated by org.testng.reporters.JUnitXMLReporter -->
<testsuite hostname="DESKTOP-EE2U3D7" ignored="0" name="Default test" tests="4" failures="0" timestamp="2021-02-17T12:30:18 IST" time="0.075" errors="0">
  <testcase name="OpenBrowser" time="0.011" classname="com.Tests.Dependency"/>
  <testcase name="SignIn" time="0.003" classname="com.Tests.Dependency"/>
  <testcase name="LogOut" time="0.002" classname="com.Tests.Dependency"/>
  <testcase name="CloseBrowser" time="0.002" classname="com.Tests.Dependency"/>
</testsuite> <!-- Default test -->
