<?xml version="1.0" encoding="UTF-8"?>
<!-- Generated by org.testng.reporters.JUnitXMLReporter -->
<testsuite hostname="DESKTOP-EE2U3D7" ignored="2" name="Test" tests="3" failures="0" timestamp="2021-02-17T11:36:31 IST" time="0.091" errors="0">
  <testcase name="TestCase1" time="0.013" classname="com.Tests.GroupingTest"/>
  <testcase name="TestCase2" time="0.003" classname="com.Tests.GroupingTest"/>
  <testcase name="TestCase4" time="0.002" classname="com.Tests.GroupingTest"/>
  <testcase name="TestCase5" time="0.0" classname="com.Tests.GroupingTest">
    <ignored/>
  </testcase> <!-- TestCase5 -->
  <testcase name="TestCase3" time="0.0" classname="com.Tests.GroupingTest">
    <ignored/>
  </testcase> <!-- TestCase3 -->
</testsuite> <!-- Test -->
